<?xml version="1.0" encoding="UTF-8"?>
<!-- Generated by org.testng.reporters.JUnitReportReporter -->
<testsuite hostname="DESKTOP-A8HT28E" failures="0" tests="1" name="testGooglesearchTestNG" time="2.859" errors="0" timestamp="2021-01-13T21:10:51 IST" skipped="0">
  <testcase classname="testGooglesearchTestNG" name="GoogleSearch" time="2.859"/>
  <system-out/>
</testsuite> <!-- testGooglesearchTestNG -->
